<?xml version="1.0" encoding="UTF-8"?>
<testng-results ignored="0" total="1" passed="1" failed="0" skipped="0">
  <reporter-output>
  </reporter-output>
  <suite started-at="2020-06-30T13:16:45 MSK" name="Price Comparison" finished-at="2020-06-30T13:18:40 MSK" duration-ms="114819">
    <groups>
    </groups>
    <test started-at="2020-06-30T13:16:45 MSK" name="Price Comparison" finished-at="2020-06-30T13:18:40 MSK" duration-ms="114819">
      <class name="test.PriceComparisonTest">
        <test-method is-config="true" signature="setUp()[pri:0, instance:test.PriceComparisonTest@534df152]" started-at="2020-06-30T13:16:45 MSK" name="setUp" finished-at="2020-06-30T13:16:51 MSK" duration-ms="6046" status="PASS">
          <reporter-output>
          </reporter-output>
        </test-method> <!-- setUp -->
        <test-method signature="openPage()[pri:0, instance:test.PriceComparisonTest@534df152]" started-at="2020-06-30T13:16:51 MSK" name="openPage" finished-at="2020-06-30T13:18:39 MSK" duration-ms="108061" status="PASS">
          <reporter-output>
          </reporter-output>
        </test-method> <!-- openPage -->
        <test-method is-config="true" signature="stopBrowser()[pri:0, instance:test.PriceComparisonTest@534df152]" started-at="2020-06-30T13:18:39 MSK" name="stopBrowser" finished-at="2020-06-30T13:18:40 MSK" duration-ms="692" status="PASS">
          <reporter-output>
          </reporter-output>
        </test-method> <!-- stopBrowser -->
      </class> <!-- test.PriceComparisonTest -->
    </test> <!-- Price Comparison -->
  </suite> <!-- Price Comparison -->
</testng-results>
